<?xml version="1.0" encoding="UTF-8"?>
<testsuite xmlns:xsi="http://www.w3.org/2001/XMLSchema-instance" xsi:noNamespaceSchemaLocation="https://maven.apache.org/surefire/maven-surefire-plugin/xsd/surefire-test-report-3.0.xsd" version="3.0" name="com.devgalan.tucofradia.TucofradiaApplicationTests" time="10.696" tests="1" errors="0" skipped="0" failures="0">
  <properties>
[...]
</properties>
  <testcase name="contextLoads" classname="com.devgalan.tucofradia.TucofradiaApplicationTests" time="0.004">
    <system-out><![CDATA[2024-06-19T10:51:40.641+02:00  INFO 1109940 --- [tucofradia] [           main] t.c.s.AnnotationConfigContextLoaderUtils : Could not detect default configuration classes for test class [com.devgalan.tucofradia.TucofradiaApplicationTests]: TucofradiaApplicationTests does not declare any static, non-private, non-final, nested classes annotated with @Configuration.
2024-06-19T10:51:40.647+02:00  INFO 1109940 --- [tucofradia] [           main] .b.t.c.SpringBootTestContextBootstrapper : Found @SpringBootConfiguration com.devgalan.tucofradia.TucofradiaApplication for test class com.devgalan.tucofradia.TucofradiaApplicationTests
2024-06-19T10:51:40.650+02:00  INFO 1109940 --- [tucofradia] [           main] o.s.b.d.r.RestartApplicationListener     : Restart disabled due to context in which it is running

  .   ____          _            __ _ _
 /\\ / ___'_ __ _ _(_)_ __  __ _ \ \ \ \
( ( )\___ | '_ | '_| | '_ \/ _` | \ \ \ \
 \\/  ___)| |_)| | | | | || (_| |  ) ) ) )
  '  |____| .__|_| |_|_| |_\__, | / / / /
 =========|_|==============|___/=/_/_/_/
 :: Spring Boot ::                (v3.2.5)

2024-06-19T10:51:40.667+02:00  INFO 1109940 --- [tucofradia] [           main] c.d.t.TucofradiaApplicationTests         : Starting TucofradiaApplicationTests using Java 17.0.10 with PID 1109940 (started by HLLH1 in c:\Proyectos\Web\TuCofradia-Web-Backend)
2024-06-19T10:51:40.667+02:00  INFO 1109940 --- [tucofradia] [           main] c.d.t.TucofradiaApplicationTests         : No active profile set, falling back to 1 default profile: "default"
2024-06-19T10:51:40.856+02:00  INFO 1109940 --- [tucofradia] [           main] .s.d.r.c.RepositoryConfigurationDelegate : Bootstrapping Spring Data JPA repositories in DEFAULT mode.
2024-06-19T10:51:40.879+02:00  INFO 1109940 --- [tucofradia] [           main] .s.d.r.c.RepositoryConfigurationDelegate : Finished Spring Data repository scanning in 22 ms. Found 6 JPA repository interfaces.
2024-06-19T10:51:40.966+02:00  INFO 1109940 --- [tucofradia] [           main] o.hibernate.jpa.internal.util.LogHelper  : HHH000204: Processing PersistenceUnitInfo [name: default]
2024-06-19T10:51:40.969+02:00  INFO 1109940 --- [tucofradia] [           main] o.h.c.internal.RegionFactoryInitiator    : HHH000026: Second-level cache disabled
2024-06-19T10:51:40.976+02:00  INFO 1109940 --- [tucofradia] [           main] o.s.o.j.p.SpringPersistenceUnitInfo      : No LoadTimeWeaver setup: ignoring JPA class transformer
2024-06-19T10:51:40.977+02:00  INFO 1109940 --- [tucofradia] [           main] com.zaxxer.hikari.HikariDataSource       : HikariPool-2 - Starting...
2024-06-19T10:51:41.542+02:00  INFO 1109940 --- [tucofradia] [           main] com.zaxxer.hikari.pool.HikariPool        : HikariPool-2 - Added connection com.mysql.cj.jdbc.ConnectionImpl@51e0629a
2024-06-19T10:51:41.542+02:00  INFO 1109940 --- [tucofradia] [           main] com.zaxxer.hikari.HikariDataSource       : HikariPool-2 - Start completed.
2024-06-19T10:51:41.694+02:00  INFO 1109940 --- [tucofradia] [           main] o.h.e.t.j.p.i.JtaPlatformInitiator       : HHH000489: No JTA platform available (set 'hibernate.transaction.jta.platform' to enable JTA platform integration)
Hibernate: alter table friendships drop foreign key FKbni8hh12wpbcinmrrm7icj9pa
Hibernate: alter table friendships drop foreign key FK3ii24jylf37bx29q6navneqa7
Hibernate: alter table guilds drop foreign key FK5vg3lsmchn3r37nlbf0tgssti
Hibernate: alter table news drop foreign key FKrjlt64ot6hagsp960sw4f9hoh
Hibernate: alter table server_invitations drop foreign key FK1j8trsiap9027pkq6tql00ew9
Hibernate: alter table server_invitations drop foreign key FKesc8wg2ebpxabynl3bvxnw19g
Hibernate: alter table servers drop foreign key FKjh3mhdo5d9e5qd90r63d90va7
Hibernate: alter table survey_answers drop foreign key FKfk46vhdhin6gxb2q30m9d181y
Hibernate: alter table survey_answers drop foreign key FKbyhtb8b5h5nue9sg4y8laklf5
Hibernate: alter table surveys drop foreign key FKi85wwjongjpp8xurvnuf5tcaw
Hibernate: alter table user_guilds drop foreign key FKdetwo68r2vrr5tgasr9vq0kq5
Hibernate: alter table user_guilds drop foreign key FKocemhl9rubtlftw9sap3fr2fl
Hibernate: alter table users drop foreign key FK1n3xg75uscv7dfd500gnyaj4o
Hibernate: drop table if exists friendships
Hibernate: drop table if exists guilds
Hibernate: drop table if exists news
Hibernate: drop table if exists server_invitations
Hibernate: drop table if exists servers
Hibernate: drop table if exists survey_answers
Hibernate: drop table if exists surveys
Hibernate: drop table if exists uploaded_images
Hibernate: drop table if exists user_guilds
Hibernate: drop table if exists users
Hibernate: create table friendships (id bigint not null auto_increment, user1_id bigint not null, user2_id bigint not null, primary key (id)) engine=InnoDB
Hibernate: create table guilds (brothers integer not null, fee tinyint not null, reputation integer not null, id bigint not null auto_increment, money bigint not null, server_id bigint not null, description varchar(1000), name varchar(255) not null, primary key (id)) engine=InnoDB
Hibernate: create table news (date date not null, id bigint not null auto_increment, image_id bigint, body varchar(1000) not null, title varchar(255) not null, primary key (id)) engine=InnoDB
Hibernate: create table server_invitations (id bigint not null auto_increment, server_id bigint not null, user_id bigint not null, primary key (id)) engine=InnoDB
Hibernate: create table servers (amount_players tinyint not null, game_month tinyint not null, max_players tinyint not null, admin_id bigint not null, id bigint not null auto_increment, code varchar(255) not null, description varchar(255), name varchar(255) not null, password varchar(255), primary key (id)) engine=InnoDB
Hibernate: create table survey_answers (answer bit not null, id bigint not null auto_increment, survey_id bigint not null, user_id bigint not null, primary key (id)) engine=InnoDB
Hibernate: create table surveys (requested_answers tinyint not null, expiration_date datetime(6) not null, id bigint not null auto_increment, server_id bigint not null, question varchar(255) not null, primary key (id)) engine=InnoDB
Hibernate: create table uploaded_images (id bigint not null auto_increment, user_id bigint, name varchar(255) not null, url varchar(255) not null, primary key (id)) engine=InnoDB
Hibernate: create table user_guilds (guild_id bigint not null, id bigint not null auto_increment, user_id bigint not null, primary key (id)) engine=InnoDB
Hibernate: create table users (last_login date not null, register_date date not null, id bigint not null auto_increment, uploaded_image_id bigint, email varchar(255) not null, password varchar(255) not null, profile_message varchar(255), username varchar(255) not null, primary key (id)) engine=InnoDB
Hibernate: alter table friendships add constraint UK7kd70s6m5v1a744x2y9wqvvyr unique (user1_id, user2_id)
Hibernate: alter table news add constraint UK_e6kwoylqh2x8arda2t997okel unique (image_id)
Hibernate: alter table news add constraint UK_9tfgiwqioj4gn86792hj5fgx3 unique (title)
Hibernate: alter table server_invitations add constraint UKmp7lutokkjim8bs5j3fkiwvav unique (user_id, server_id)
Hibernate: alter table servers add constraint UK_cbw3tjld9p18ppjb4u7mj6fxr unique (code)
Hibernate: alter table survey_answers add constraint UK8rm36hbabc2xh16ksakuugif4 unique (user_id, survey_id)
Hibernate: alter table surveys add constraint UKix612y84dx6nvs75h9edah4iw unique (server_id, question)
Hibernate: alter table uploaded_images add constraint UKphwbtvk1pp7mm93m18fijf9k5 unique (user_id, name)
Hibernate: alter table user_guilds add constraint UK8p414s18dctwop07iy45opqjb unique (user_id, guild_id)
Hibernate: alter table users add constraint UK_1xhmrqq6gfnnpis62hfqyss20 unique (uploaded_image_id)
Hibernate: alter table users add constraint UK_6dotkott2kjsp8vw4d0m25fb7 unique (email)
Hibernate: alter table friendships add constraint FKbni8hh12wpbcinmrrm7icj9pa foreign key (user1_id) references users (id)
Hibernate: alter table friendships add constraint FK3ii24jylf37bx29q6navneqa7 foreign key (user2_id) references users (id)
Hibernate: alter table guilds add constraint FK5vg3lsmchn3r37nlbf0tgssti foreign key (server_id) references servers (id)
Hibernate: alter table news add constraint FKrjlt64ot6hagsp960sw4f9hoh foreign key (image_id) references uploaded_images (id)
Hibernate: alter table server_invitations add constraint FK1j8trsiap9027pkq6tql00ew9 foreign key (server_id) references servers (id)
Hibernate: alter table server_invitations add constraint FKesc8wg2ebpxabynl3bvxnw19g foreign key (user_id) references users (id)
Hibernate: alter table servers add constraint FKjh3mhdo5d9e5qd90r63d90va7 foreign key (admin_id) references users (id)
Hibernate: alter table survey_answers add constraint FKfk46vhdhin6gxb2q30m9d181y foreign key (survey_id) references surveys (id)
Hibernate: alter table survey_answers add constraint FKbyhtb8b5h5nue9sg4y8laklf5 foreign key (user_id) references users (id)
Hibernate: alter table surveys add constraint FKi85wwjongjpp8xurvnuf5tcaw foreign key (server_id) references servers (id)
Hibernate: alter table user_guilds add constraint FKdetwo68r2vrr5tgasr9vq0kq5 foreign key (guild_id) references guilds (id)
Hibernate: alter table user_guilds add constraint FKocemhl9rubtlftw9sap3fr2fl foreign key (user_id) references users (id)
Hibernate: alter table users add constraint FK1n3xg75uscv7dfd500gnyaj4o foreign key (uploaded_image_id) references uploaded_images (id)
2024-06-19T10:51:51.008+02:00  INFO 1109940 --- [tucofradia] [           main] j.LocalContainerEntityManagerFactoryBean : Initialized JPA EntityManagerFactory for persistence unit 'default'
2024-06-19T10:51:51.085+02:00  WARN 1109940 --- [tucofradia] [           main] JpaBaseConfiguration$JpaWebConfiguration : spring.jpa.open-in-view is enabled by default. Therefore, database queries may be performed during view rendering. Explicitly configure spring.jpa.open-in-view to disable this warning
2024-06-19T10:51:51.152+02:00  INFO 1109940 --- [tucofradia] [           main] o.s.s.web.DefaultSecurityFilterChain     : Will secure any request with [org.springframework.security.web.session.DisableEncodeUrlFilter@17699e35, org.springframework.security.web.context.request.async.WebAsyncManagerIntegrationFilter@5edf9eb1, org.springframework.security.web.context.SecurityContextHolderFilter@21384a8e, org.springframework.security.web.header.HeaderWriterFilter@71134823, org.springframework.web.filter.CorsFilter@2ce1d507, org.springframework.security.web.authentication.logout.LogoutFilter@4664b741, org.springframework.security.web.authentication.www.BasicAuthenticationFilter@7454f141, org.springframework.security.web.savedrequest.RequestCacheAwareFilter@682ec8d, org.springframework.security.web.servletapi.SecurityContextHolderAwareRequestFilter@4ed2eee1, org.springframework.security.web.authentication.AnonymousAuthenticationFilter@7fece723, org.springframework.security.web.access.ExceptionTranslationFilter@214d2aa6, org.springframework.security.web.access.intercept.AuthorizationFilter@eef9471]
2024-06-19T10:51:51.329+02:00  INFO 1109940 --- [tucofradia] [           main] c.d.t.TucofradiaApplicationTests         : Started TucofradiaApplicationTests in 10.68 seconds (process running for 69.096)
]]></system-out>
  </testcase>
</testsuite>